0 verbose cli [
0 verbose cli   '/opt/homebrew/Cellar/node/17.2.0/bin/node',
0 verbose cli   '/opt/homebrew/bin/npm',
0 verbose cli   'audit',
0 verbose cli   'fix'
0 verbose cli ]
1 info using npm@8.3.0
2 info using node@v17.2.0
3 timing npm:load:whichnode Completed in 0ms
4 timing config:load:defaults Completed in 1ms
5 timing config:load:file:/opt/homebrew/lib/node_modules/npm/npmrc Completed in 1ms
6 timing config:load:builtin Completed in 1ms
7 timing config:load:cli Completed in 0ms
8 timing config:load:env Completed in 1ms
9 timing config:load:project Completed in 0ms
10 timing config:load:file:/Users/kolbigray/.npmrc Completed in 0ms
11 timing config:load:user Completed in 0ms
12 timing config:load:file:/opt/homebrew/etc/npmrc Completed in 0ms
13 timing config:load:global Completed in 0ms
14 timing config:load:validate Completed in 0ms
15 timing config:load:credentials Completed in 1ms
16 timing config:load:setEnvs Completed in 0ms
17 timing config:load Completed in 4ms
18 timing npm:load:configload Completed in 4ms
19 timing npm:load:setTitle Completed in 2ms
20 timing config:load:flatten Completed in 1ms
21 timing npm:load:display Completed in 2ms
22 verbose logfile /Users/kolbigray/.npm/_logs/2021-12-19T19_59_57_605Z-debug-0.log
23 timing npm:load:logFile Completed in 2ms
24 timing npm:load:timers Completed in 0ms
25 timing npm:load:configScope Completed in 0ms
26 timing npm:load Completed in 10ms
27 timing arborist:ctor Completed in 0ms
28 silly audit bulk request {
28 silly audit   '@sindresorhus/chunkify': [ '0.2.0' ],
28 silly audit   '@sindresorhus/df': [ '3.1.1', '1.0.1' ],
28 silly audit   '@stroncium/procfs': [ '1.2.1' ],
28 silly audit   'aggregate-error': [ '4.0.0' ],
28 silly audit   'array-union': [ '1.0.2' ],
28 silly audit   'array-uniq': [ '1.0.3' ],
28 silly audit   'balanced-match': [ '1.0.2' ],
28 silly audit   'brace-expansion': [ '1.1.11' ],
28 silly audit   'clean-stack': [ '4.1.0' ],
28 silly audit   'concat-map': [ '0.0.1' ],
28 silly audit   'cross-spawn': [ '7.0.3' ],
28 silly audit   'dir-glob': [ '2.2.2' ],
28 silly audit   'end-of-stream': [ '1.4.4' ],
28 silly audit   'escape-string-regexp': [ '5.0.0' ],
28 silly audit   execa: [ '2.1.0' ],
28 silly audit   'fs.realpath': [ '1.0.0' ],
28 silly audit   'get-stream': [ '5.2.0' ],
28 silly audit   glob: [ '7.2.0' ],
28 silly audit   globby: [ '7.1.1' ],
28 silly audit   ignore: [ '3.3.10' ],
28 silly audit   'indent-string': [ '5.0.0' ],
28 silly audit   inflight: [ '1.0.6' ],
28 silly audit   inherits: [ '2.0.4' ],
28 silly audit   'is-path-inside': [ '4.0.0' ],
28 silly audit   'is-stream': [ '2.0.1' ],
28 silly audit   isexe: [ '2.0.0' ],
28 silly audit   'merge-stream': [ '2.0.0' ],
28 silly audit   'mimic-fn': [ '2.1.0' ],
28 silly audit   minimatch: [ '3.0.4' ],
28 silly audit   'mount-point': [ '3.0.0' ],
28 silly audit   pify: [ '2.3.0', '3.0.0' ],
28 silly audit   'move-file': [ '3.0.0' ],
28 silly audit   'npm-run-path': [ '3.1.0' ],
28 silly audit   once: [ '1.4.0' ],
28 silly audit   onetime: [ '5.1.2' ],
28 silly audit   'os-homedir': [ '1.0.2' ],
28 silly audit   'p-finally': [ '2.0.1' ],
28 silly audit   'p-map': [ '5.3.0' ],
28 silly audit   'path-exists': [ '5.0.0' ],
28 silly audit   'path-is-absolute': [ '1.0.1' ],
28 silly audit   'path-key': [ '3.1.1' ],
28 silly audit   'path-type': [ '3.0.0' ],
28 silly audit   pinkie: [ '2.0.4' ],
28 silly audit   'pinkie-promise': [ '2.0.1' ],
28 silly audit   pump: [ '3.0.0' ],
28 silly audit   'shebang-command': [ '2.0.0' ],
28 silly audit   'shebang-regex': [ '3.0.0' ],
28 silly audit   'signal-exit': [ '3.0.6' ],
28 silly audit   slash: [ '1.0.0' ],
28 silly audit   'strip-final-newline': [ '2.0.0' ],
28 silly audit   trash: [ '8.1.0' ],
28 silly audit   'user-home': [ '2.0.0' ],
28 silly audit   uuid: [ '8.3.2' ],
28 silly audit   which: [ '2.0.2' ],
28 silly audit   wrappy: [ '1.0.2' ],
28 silly audit   'xdg-basedir': [ '4.0.0' ],
28 silly audit   'xdg-trashdir': [ '3.1.0' ]
28 silly audit }
29 http fetch POST 200 https://registry.npmjs.org/-/npm/v1/security/advisories/bulk 478ms
30 timing auditReport:getReport Completed in 480ms
31 silly audit report {}
32 timing auditReport:init Completed in 0ms
33 timing audit Completed in 499ms
34 timing idealTree:init Completed in 1ms
35 timing idealTree:userRequests Completed in 0ms
36 silly idealTree buildDeps
37 timing idealTree:#root Completed in 0ms
38 timing idealTree:buildDeps Completed in 1ms
39 timing idealTree:fixDepFlags Completed in 0ms
40 timing idealTree Completed in 4ms
41 timing arborist:ctor Completed in 0ms
42 timing reify:loadTrees Completed in 22ms
43 timing reify:diffTrees Completed in 3ms
44 silly reify moves {}
45 timing reify:retireShallow Completed in 0ms
46 timing reify:createSparse Completed in 0ms
47 timing reify:loadBundles Completed in 0ms
48 silly audit bulk request {
48 silly audit   '@sindresorhus/chunkify': [ '0.2.0' ],
48 silly audit   '@sindresorhus/df': [ '3.1.1', '1.0.1' ],
48 silly audit   '@stroncium/procfs': [ '1.2.1' ],
48 silly audit   'aggregate-error': [ '4.0.0' ],
48 silly audit   'array-union': [ '1.0.2' ],
48 silly audit   'array-uniq': [ '1.0.3' ],
48 silly audit   'balanced-match': [ '1.0.2' ],
48 silly audit   'brace-expansion': [ '1.1.11' ],
48 silly audit   'clean-stack': [ '4.1.0' ],
48 silly audit   'concat-map': [ '0.0.1' ],
48 silly audit   'cross-spawn': [ '7.0.3' ],
48 silly audit   'dir-glob': [ '2.2.2' ],
48 silly audit   'end-of-stream': [ '1.4.4' ],
48 silly audit   'escape-string-regexp': [ '5.0.0' ],
48 silly audit   execa: [ '2.1.0' ],
48 silly audit   'fs.realpath': [ '1.0.0' ],
48 silly audit   'get-stream': [ '5.2.0' ],
48 silly audit   glob: [ '7.2.0' ],
48 silly audit   globby: [ '7.1.1' ],
48 silly audit   ignore: [ '3.3.10' ],
48 silly audit   'indent-string': [ '5.0.0' ],
48 silly audit   inflight: [ '1.0.6' ],
48 silly audit   inherits: [ '2.0.4' ],
48 silly audit   'is-path-inside': [ '4.0.0' ],
48 silly audit   'is-stream': [ '2.0.1' ],
48 silly audit   isexe: [ '2.0.0' ],
48 silly audit   'merge-stream': [ '2.0.0' ],
48 silly audit   'mimic-fn': [ '2.1.0' ],
48 silly audit   minimatch: [ '3.0.4' ],
48 silly audit   'mount-point': [ '3.0.0' ],
48 silly audit   pify: [ '2.3.0', '3.0.0' ],
48 silly audit   'move-file': [ '3.0.0' ],
48 silly audit   'npm-run-path': [ '3.1.0' ],
48 silly audit   once: [ '1.4.0' ],
48 silly audit   onetime: [ '5.1.2' ],
48 silly audit   'os-homedir': [ '1.0.2' ],
48 silly audit   'p-finally': [ '2.0.1' ],
48 silly audit   'p-map': [ '5.3.0' ],
48 silly audit   'path-exists': [ '5.0.0' ],
48 silly audit   'path-is-absolute': [ '1.0.1' ],
48 silly audit   'path-key': [ '3.1.1' ],
48 silly audit   'path-type': [ '3.0.0' ],
48 silly audit   pinkie: [ '2.0.4' ],
48 silly audit   'pinkie-promise': [ '2.0.1' ],
48 silly audit   pump: [ '3.0.0' ],
48 silly audit   'shebang-command': [ '2.0.0' ],
48 silly audit   'shebang-regex': [ '3.0.0' ],
48 silly audit   'signal-exit': [ '3.0.6' ],
48 silly audit   slash: [ '1.0.0' ],
48 silly audit   'strip-final-newline': [ '2.0.0' ],
48 silly audit   trash: [ '8.1.0' ],
48 silly audit   'user-home': [ '2.0.0' ],
48 silly audit   uuid: [ '8.3.2' ],
48 silly audit   which: [ '2.0.2' ],
48 silly audit   wrappy: [ '1.0.2' ],
48 silly audit   'xdg-basedir': [ '4.0.0' ],
48 silly audit   'xdg-trashdir': [ '3.1.0' ]
48 silly audit }
49 timing reify:unpack Completed in 1ms
50 timing reify:unretire Completed in 0ms
51 timing build:queue Completed in 0ms
52 timing build:deps Completed in 0ms
53 timing build Completed in 0ms
54 timing reify:build Completed in 0ms
55 timing reify:trash Completed in 0ms
56 timing reify:save Completed in 6ms
57 http fetch POST 200 https://registry.npmjs.org/-/npm/v1/security/advisories/bulk 153ms
58 timing auditReport:getReport Completed in 154ms
59 silly audit report {}
60 timing auditReport:init Completed in 0ms
61 timing reify:audit Completed in 155ms
62 timing reify Completed in 182ms
63 timing command:audit Completed in 689ms
64 verbose exit 0
65 timing npm Completed in 820ms
66 info ok
