0 verbose cli [
0 verbose cli   '/opt/homebrew/Cellar/node/17.2.0/bin/node',
0 verbose cli   '/opt/homebrew/bin/npm',
0 verbose cli   'install',
0 verbose cli   '--'
0 verbose cli ]
1 info using npm@8.3.0
2 info using node@v17.2.0
3 timing npm:load:whichnode Completed in 1ms
4 timing config:load:defaults Completed in 0ms
5 timing config:load:file:/opt/homebrew/lib/node_modules/npm/npmrc Completed in 1ms
6 timing config:load:builtin Completed in 1ms
7 timing config:load:cli Completed in 1ms
8 timing config:load:env Completed in 0ms
9 timing config:load:project Completed in 1ms
10 timing config:load:file:/Users/kolbigray/.npmrc Completed in 0ms
11 timing config:load:user Completed in 0ms
12 timing config:load:file:/opt/homebrew/etc/npmrc Completed in 0ms
13 timing config:load:global Completed in 0ms
14 timing config:load:validate Completed in 0ms
15 timing config:load:credentials Completed in 1ms
16 timing config:load:setEnvs Completed in 0ms
17 timing config:load Completed in 4ms
18 timing npm:load:configload Completed in 4ms
19 timing npm:load:setTitle Completed in 2ms
20 timing config:load:flatten Completed in 2ms
21 timing npm:load:display Completed in 2ms
22 verbose logfile /Users/kolbigray/.npm/_logs/2021-12-19T20_00_35_096Z-debug-0.log
23 timing npm:load:logFile Completed in 2ms
24 timing npm:load:timers Completed in 0ms
25 timing npm:load:configScope Completed in 0ms
26 timing npm:load Completed in 11ms
27 timing arborist:ctor Completed in 0ms
28 timing idealTree:init Completed in 18ms
29 timing idealTree:userRequests Completed in 0ms
30 silly idealTree buildDeps
31 timing idealTree:#root Completed in 0ms
32 timing idealTree:buildDeps Completed in 1ms
33 timing idealTree:fixDepFlags Completed in 0ms
34 timing idealTree Completed in 19ms
35 timing arborist:ctor Completed in 0ms
36 timing reify:loadTrees Completed in 28ms
37 timing reify:diffTrees Completed in 2ms
38 silly reify moves {}
39 timing reify:retireShallow Completed in 0ms
40 timing reify:createSparse Completed in 0ms
41 timing reify:loadBundles Completed in 0ms
42 silly audit bulk request {
42 silly audit   '@sindresorhus/chunkify': [ '0.2.0' ],
42 silly audit   '@sindresorhus/df': [ '3.1.1', '1.0.1' ],
42 silly audit   '@stroncium/procfs': [ '1.2.1' ],
42 silly audit   'aggregate-error': [ '4.0.0' ],
42 silly audit   'array-union': [ '1.0.2' ],
42 silly audit   'array-uniq': [ '1.0.3' ],
42 silly audit   'balanced-match': [ '1.0.2' ],
42 silly audit   'brace-expansion': [ '1.1.11' ],
42 silly audit   'clean-stack': [ '4.1.0' ],
42 silly audit   'concat-map': [ '0.0.1' ],
42 silly audit   'cross-spawn': [ '7.0.3' ],
42 silly audit   'dir-glob': [ '2.2.2' ],
42 silly audit   'end-of-stream': [ '1.4.4' ],
42 silly audit   'escape-string-regexp': [ '5.0.0' ],
42 silly audit   execa: [ '2.1.0' ],
42 silly audit   'fs.realpath': [ '1.0.0' ],
42 silly audit   'get-stream': [ '5.2.0' ],
42 silly audit   glob: [ '7.2.0' ],
42 silly audit   globby: [ '7.1.1' ],
42 silly audit   ignore: [ '3.3.10' ],
42 silly audit   'indent-string': [ '5.0.0' ],
42 silly audit   inflight: [ '1.0.6' ],
42 silly audit   inherits: [ '2.0.4' ],
42 silly audit   'is-path-inside': [ '4.0.0' ],
42 silly audit   'is-stream': [ '2.0.1' ],
42 silly audit   isexe: [ '2.0.0' ],
42 silly audit   'merge-stream': [ '2.0.0' ],
42 silly audit   'mimic-fn': [ '2.1.0' ],
42 silly audit   minimatch: [ '3.0.4' ],
42 silly audit   'mount-point': [ '3.0.0' ],
42 silly audit   pify: [ '2.3.0', '3.0.0' ],
42 silly audit   'move-file': [ '3.0.0' ],
42 silly audit   'npm-run-path': [ '3.1.0' ],
42 silly audit   once: [ '1.4.0' ],
42 silly audit   onetime: [ '5.1.2' ],
42 silly audit   'os-homedir': [ '1.0.2' ],
42 silly audit   'p-finally': [ '2.0.1' ],
42 silly audit   'p-map': [ '5.3.0' ],
42 silly audit   'path-exists': [ '5.0.0' ],
42 silly audit   'path-is-absolute': [ '1.0.1' ],
42 silly audit   'path-key': [ '3.1.1' ],
42 silly audit   'path-type': [ '3.0.0' ],
42 silly audit   pinkie: [ '2.0.4' ],
42 silly audit   'pinkie-promise': [ '2.0.1' ],
42 silly audit   pump: [ '3.0.0' ],
42 silly audit   'shebang-command': [ '2.0.0' ],
42 silly audit   'shebang-regex': [ '3.0.0' ],
42 silly audit   'signal-exit': [ '3.0.6' ],
42 silly audit   slash: [ '1.0.0' ],
42 silly audit   'strip-final-newline': [ '2.0.0' ],
42 silly audit   trash: [ '8.1.0' ],
42 silly audit   'user-home': [ '2.0.0' ],
42 silly audit   uuid: [ '8.3.2' ],
42 silly audit   which: [ '2.0.2' ],
42 silly audit   wrappy: [ '1.0.2' ],
42 silly audit   'xdg-basedir': [ '4.0.0' ],
42 silly audit   'xdg-trashdir': [ '3.1.0' ]
42 silly audit }
43 timing reify:unpack Completed in 1ms
44 timing reify:unretire Completed in 0ms
45 timing build:queue Completed in 0ms
46 timing build:deps Completed in 0ms
47 timing build Completed in 0ms
48 timing reify:build Completed in 0ms
49 timing reify:trash Completed in 0ms
50 timing reify:save Completed in 6ms
51 http fetch POST 200 https://registry.npmjs.org/-/npm/v1/security/advisories/bulk 228ms
52 timing auditReport:getReport Completed in 230ms
53 silly audit report {}
54 timing auditReport:init Completed in 0ms
55 timing reify:audit Completed in 230ms
56 timing reify Completed in 269ms
57 timing command:install Completed in 275ms
58 verbose exit 0
59 timing npm Completed in 410ms
60 info ok
